#
# A fatal error has been detected by the Java Runtime Environment:
#
#  EXCEPTION_ACCESS_VIOLATION (0xc0000005) at pc=0x00007ffca1ba52fb, pid=5444, tid=6960
#
# JRE version: OpenJDK Runtime Environment Temurin-17.0.2+8 (17.0.2+8) (build 17.0.2+8)
# Java VM: OpenJDK 64-Bit Server VM Temurin-17.0.2+8 (17.0.2+8, mixed mode, tiered, compressed oops, compressed class ptrs, parallel gc, windows-amd64)
# Problematic frame:
# V  [jvm.dll+0x1d52fb]
#
# No core dump will be written. Minidumps are not enabled by default on client versions of Windows
#
# If you would like to submit a bug report, please visit:
#   https://github.com/adoptium/adoptium-support/issues
#

---------------  S U M M A R Y ------------

Command Line: --add-modules=ALL-SYSTEM --add-opens=java.base/java.util=ALL-UNNAMED --add-opens=java.base/java.lang=ALL-UNNAMED --add-opens=java.base/sun.nio.fs=ALL-UNNAMED -Declipse.application=org.eclipse.jdt.ls.core.id1 -Dosgi.bundles.defaultStartLevel=4 -Declipse.product=org.eclipse.jdt.ls.core.product -Djava.import.generatesMetadataFilesAtProjectRoot=false -Dfile.encoding=utf8 -DwatchParentProcess=false -XX:+UseParallelGC -XX:GCTimeRatio=4 -XX:AdaptiveSizePolicyWeight=90 -Dsun.zip.disableMemoryMapping=true -Xmx1G -Xms100m -XX:+HeapDumpOnOutOfMemoryError -XX:HeapDumpPath=c:\Users\harsha\AppData\Roaming\Code\User\workspaceStorage\b2f0b3008a1558905f3f15ec7ffdd20b\redhat.java c:\Users\harsha\.vscode\extensions\redhat.java-1.6.0-win32-x64\server\plugins\org.eclipse.equinox.launcher_1.6.400.v20210924-0641.jar -configuration c:\Users\harsha\AppData\Roaming\Code\User\globalStorage\redhat.java\1.6.0\config_win -data c:\Users\harsha\AppData\Roaming\Code\User\workspaceStorage\b2f0b3008a1558905f3f15ec7ffdd20b\redhat.java\jdt_ws

Host: Intel(R) Core(TM) i3-4130 CPU @ 3.40GHz, 4 cores, 15G,  Windows 10 , 64 bit Build 19041 (10.0.19041.1706)
Time: Fri May 20 15:46:38 2022 India Standard Time elapsed time: 74.538214 seconds (0d 0h 1m 14s)

---------------  T H R E A D  ---------------

Current thread (0x000001a6614a88e0):  JavaThread "C2 CompilerThread1" daemon [_thread_in_vm, id=6960, stack(0x000000375b500000,0x000000375b600000)]


Current CompileTask:
C2:  74538 9091   !   4       org.codehaus.plexus.interpolation.StringSearchInterpolator::interpolate (650 bytes)

Stack: [0x000000375b500000,0x000000375b600000],  sp=0x000000375b5fd000,  free space=1012k
Native frames: (J=compiled Java code, j=interpreted, Vv=VM code, C=native code)
V  [jvm.dll+0x1d52fb]
V  [jvm.dll+0x1d2b00]
V  [jvm.dll+0x1d19c0]
V  [jvm.dll+0x1ced09]
V  [jvm.dll+0x682a43]
V  [jvm.dll+0x1a6c3c]
V  [jvm.dll+0x1a7806]
V  [jvm.dll+0x2ab564]
V  [jvm.dll+0x68d8ed]
V  [jvm.dll+0x685a1b]
V  [jvm.dll+0x685057]
V  [jvm.dll+0x682f52]
V  [jvm.dll+0x1a6c3c]
V  [jvm.dll+0x2170b8]
V  [jvm.dll+0x1a3a8d]
V  [jvm.dll+0x226ef8]
V  [jvm.dll+0x22503c]
V  [jvm.dll+0x7e596b]
V  [jvm.dll+0x7dff2a]
V  [jvm.dll+0x6744d5]
C  [ucrtbase.dll+0x21bb2]
C  [KERNEL32.DLL+0x17034]
C  [ntdll.dll+0x52651]


siginfo: EXCEPTION_ACCESS_VIOLATION (0xc0000005), reading address 0xffffffffffffffff


Register to memory mapping:

RIP=0x00007ffca1ba52fb jvm.dll
RAX=0x000201a662c8e630 is an unknown value
RBX=0x0000000000000087 is an unknown value
RCX=0x000000000000008b is an unknown value
RDX=0x000000000000008f is an unknown value
RSP=0x000000375b5fd000 is pointing into the stack for thread: 0x000001a6614a88e0
RBP=0x000001a65fb15870 points into unknown readable memory: 0x000000375b5ff4d8 | d8 f4 5f 5b 37 00 00 00
RSI=0x000000010005f318 is a pointer to class: 
java.util.HashMap {0x000000010005f320}
 - instance size:     6
 - klass size:        127
 - access:            public synchronized 
 - state:             fully_initialized
 - name:              'java/util/HashMap'
 - super:             'java/util/AbstractMap'
 - sub:               'sun/net/www/http/KeepAliveCache'   'org/apache/maven/artifact/versioning/ManagedVersionMap'   'com/sun/jna/win32/W32APIOptions$2'   'com/sun/jna/win32/W32APIOptions$1'   (3 more klasses...)
 - arrays:            NULL
 - methods:           Array<T>(0x000001a65d954958)
 - method ordering:   Array<T>(0x000001a65d800018)
 - default_methods:   Array<T>(0x0000000000000000)
 - local interfaces:  Array<T>(0x000001a65d954890)
 - trans. interfaces: Array<T>(0x000001a65d957a38)
 - constants:         constant pool [514] {0x000001a65d953690} for 'java/util/HashMap' cache=0x000001a65d957a58
 - class loader data:  loader data: 0x000001a6497b1560 of 'bootstrap'
 - class annotations:       Array<T>(0x0000000000000000)
 - class type annotations:  Array<T>(0x0000000000000000)
 - field annotations:       Array<T>(0x0000000000000000)
 - field type annotations:  Array<T>(0x0000000000000000)
 - generic signature: '<K:Ljava/lang/Object;V:Ljava/lang/Object;>Ljava/util/AbstractMap<TK;TV;>;Ljava/util/Map<TK;TV;>;Ljava/lang/Cloneable;Ljava/io/Serializable;'
 - inner classes:     Array<T>(0x000001a65d957980)
 - nest members:     Array<T>(0x000001a65d957a10)
 - permitted subclasses:     Array<T>(0x000001a65d800028)
 - java mirror:       a 'java/lang/Class'{0x00000000c0409168} = 'java/util/HashMap'
 - vtable length      39  (start addr: 0x000000010005f4e0)
 - itable length      29 (start addr: 0x000000010005f618)
 - ---- static fields (4 words):
 - private static final 'serialVersionUID' 'J' @112 
 - static final 'DEFAULT_INITIAL_CAPACITY' 'I' @120 
 - static final 'MAXIMUM_CAPACITY' 'I' @124 
 - static final 'DEFAULT_LOAD_FACTOR' 'F' @128 
 - static final 'TREEIFY_THRESHOLD' 'I' @132 
 - static final 'UNTREEIFY_THRESHOLD' 'I' @136 
 - static final 'MIN_TREEIFY_CAPACITY' 'I' @140 
 - ---- non-static fields (8 words):
 - transient 'keySet' 'Ljava/util/Set;' @12 
 - transient 'values' 'Ljava/util/Collection;' @16 
 - transient 'size' 'I' @20 
 - transient 'modCount' 'I' @24 
 - 'threshold' 'I' @28 
 - final 'loadFactor' 'F' @32 
 - transient 'table' '[Ljava/util/HashMap$Node;' @36 
 - transient 'entrySet' 'Ljava/util/Set;' @40 
 - non-static oop maps: 12-16 36-40 
RDI=0x0 is NULL
R8 =0x00007ffca22fe1c8 jvm.dll
R9 =0x000001a662b568e0 points into unknown readable memory: 0x000001a662c8d900 | 00 d9 c8 62 a6 01 00 00
R10=0x000001a66ef47210 points into unknown readable memory: 0x0000001e00000002 | 02 00 00 00 1e 00 00 00
R11={method} {0x000001a65da237c0} 'add' '(Ljava/lang/Object;)Z' in 'java/util/HashSet'
R12=0x000001a66111ac60 points into unknown readable memory: 0x00007ffca22fda38 | 38 da 2f a2 fc 7f 00 00
R13=0x0000000000000136 is an unknown value
R14=0x0000000000000010 is an unknown value
R15=0x000000010005f318 is a pointer to class: 
java.util.HashMap {0x000000010005f320}
 - instance size:     6
 - klass size:        127
 - access:            public synchronized 
 - state:             fully_initialized
 - name:              'java/util/HashMap'
 - super:             'java/util/AbstractMap'
 - sub:               'sun/net/www/http/KeepAliveCache'   'org/apache/maven/artifact/versioning/ManagedVersionMap'   'com/sun/jna/win32/W32APIOptions$2'   'com/sun/jna/win32/W32APIOptions$1'   (3 more klasses...)
 - arrays:            NULL
 - methods:           Array<T>(0x000001a65d954958)
 - method ordering:   Array<T>(0x000001a65d800018)
 - default_methods:   Array<T>(0x0000000000000000)
 - local interfaces:  Array<T>(0x000001a65d954890)
 - trans. interfaces: Array<T>(0x000001a65d957a38)
 - constants:         constant pool [514] {0x000001a65d953690} for 'java/util/HashMap' cache=0x000001a65d957a58
 - class loader data:  loader data: 0x000001a6497b1560 of 'bootstrap'
 - class annotations:       Array<T>(0x0000000000000000)
 - class type annotations:  Array<T>(0x0000000000000000)
 - field annotations:       Array<T>(0x0000000000000000)
 - field type annotations:  Array<T>(0x0000000000000000)
 - generic signature: '<K:Ljava/lang/Object;V:Ljava/lang/Object;>Ljava/util/AbstractMap<TK;TV;>;Ljava/util/Map<TK;TV;>;Ljava/lang/Cloneable;Ljava/io/Serializable;'
 - inner classes:     Array<T>(0x000001a65d957980)
 - nest members:     Array<T>(0x000001a65d957a10)
 - permitted subclasses:     Array<T>(0x000001a65d800028)
 - java mirror:       a 'java/lang/Class'{0x00000000c0409168} = 'java/util/HashMap'
 - vtable length      39  (start addr: 0x000000010005f4e0)
 - itable length      29 (start addr: 0x000000010005f618)
 - ---- static fields (4 words):
 - private static final 'serialVersionUID' 'J' @112 
 - static final 'DEFAULT_INITIAL_CAPACITY' 'I' @120 
 - static final 'MAXIMUM_CAPACITY' 'I' @124 
 - static final 'DEFAULT_LOAD_FACTOR' 'F' @128 
 - static final 'TREEIFY_THRESHOLD' 'I' @132 
 - static final 'UNTREEIFY_THRESHOLD' 'I' @136 
 - static final 'MIN_TREEIFY_CAPACITY' 'I' @140 
 - ---- non-static fields (8 words):
 - transient 'keySet' 'Ljava/util/Set;' @12 
 - transient 'values' 'Ljava/util/Collection;' @16 
 - transient 'size' 'I' @20 
 - transient 'modCount' 'I' @24 
 - 'threshold' 'I' @28 
 - final 'loadFactor' 'F' @32 
 - transient 'table' '[Ljava/util/HashMap$Node;' @36 
 - transient 'entrySet' 'Ljava/util/Set;' @40 
 - non-static oop maps: 12-16 36-40 


Registers:
RAX=0x000201a662c8e630, RBX=0x0000000000000087, RCX=0x000000000000008b, RDX=0x000000000000008f
RSP=0x000000375b5fd000, RBP=0x000001a65fb15870, RSI=0x000000010005f318, RDI=0x0000000000000000
R8 =0x00007ffca22fe1c8, R9 =0x000001a662b568e0, R10=0x000001a66ef47210, R11=0x000001a65da237b8
R12=0x000001a66111ac60, R13=0x0000000000000136, R14=0x0000000000000010, R15=0x000000010005f318
RIP=0x00007ffca1ba52fb, EFLAGS=0x0000000000010206

Top of Stack: (sp=0x000000375b5fd000)
0x000000375b5fd000:   000001a6614a88e0 00007ffca1d43020
0x000000375b5fd010:   000001a65fa83d80 000001a6625fa5c0
0x000000375b5fd020:   0000000000000010 000001a663a9c470
0x000000375b5fd030:   0000000000000000 00007ffca1ba2b00
0x000000375b5fd040:   0000000000000000 000001a66111ac50
0x000000375b5fd050:   0000000000000002 000001a66ec589b0
0x000000375b5fd060:   000001a66111ac60 000001a661113df0
0x000000375b5fd070:   000001a65dbd7c40 000001a65fa84d30
0x000000375b5fd080:   000000375b5ff4d8 00007ffca1ba19c0
0x000000375b5fd090:   000001a66e87f390 000001a66111ac50
0x000000375b5fd0a0:   000001a66111ac50 00007ffca1ba533d
0x000000375b5fd0b0:   0000000000000018 000001a65fa83d80
0x000000375b5fd0c0:   0000000000000000 0000000000000000
0x000000375b5fd0d0:   0000000000000000 000001a65fa83d80
0x000000375b5fd0e0:   000001a66ec589b0 00007ffca1b9ed09
0x000000375b5fd0f0:   000001a66111bdd8 0000000000048270 

Instructions: (pc=0x00007ffca1ba52fb)
0x00007ffca1ba51fb:   41 89 8e 98 00 00 00 48 8b c8 e8 a6 fb e8 ff 49
0x00007ffca1ba520b:   8b 16 b9 10 00 00 00 e8 d9 0e ed ff 48 85 c0 74
0x00007ffca1ba521b:   0d 48 89 18 48 8b 0f 48 89 48 08 48 89 07 41 ff
0x00007ffca1ba522b:   86 88 02 00 00 48 8b c3 48 8b 5c 24 30 48 8b 74
0x00007ffca1ba523b:   24 38 48 8b 7c 24 40 48 83 c4 20 41 5e c3 cc cc
0x00007ffca1ba524b:   cc cc cc cc cc 48 89 5c 24 08 57 48 83 ec 20 48
0x00007ffca1ba525b:   8b 11 48 8b f9 b9 b8 00 00 00 e8 86 0e ed ff 48
0x00007ffca1ba526b:   85 c0 74 0f 33 d2 48 8b c8 e8 57 b3 ff ff 48 8b
0x00007ffca1ba527b:   d8 eb 02 33 db 8b 97 98 00 00 00 48 8b cb 8d 42
0x00007ffca1ba528b:   01 89 87 98 00 00 00 e8 19 fb e8 ff 48 8b c3 48
0x00007ffca1ba529b:   8b 5c 24 30 48 83 c4 20 5f c3 cc cc cc cc cc cc
0x00007ffca1ba52ab:   cc cc cc cc cc 48 89 5c 24 10 48 89 6c 24 18 48
0x00007ffca1ba52bb:   89 74 24 20 57 41 55 41 56 48 83 ec 20 44 8b 69
0x00007ffca1ba52cb:   08 33 ff 48 8b f2 48 8b e9 8b df 41 8d 55 ff 85
0x00007ffca1ba52db:   d2 78 35 4c 8b 49 10 0f 1f 40 00 66 66 0f 1f 84
0x00007ffca1ba52eb:   00 00 00 00 00 8d 04 1a d1 e8 8b c8 49 8b 04 c1
0x00007ffca1ba52fb:   48 3b 70 10 73 05 8d 51 ff eb 09 0f 86 c4 00 00
0x00007ffca1ba530b:   00 8d 59 01 3b d3 7d dd 48 8b d6 4c 89 7c 24 40
0x00007ffca1ba531b:   48 8b cd e8 ad f6 ff ff 8b 95 98 00 00 00 4c 8b
0x00007ffca1ba532b:   f8 8d 4a 01 89 8d 98 00 00 00 48 8b c8 e8 73 fa
0x00007ffca1ba533b:   e8 ff 8b 4d 08 44 3b e9 74 2c 83 e9 01 78 25 4c
0x00007ffca1ba534b:   8b 45 10 66 90 8d 04 39 d1 e8 8b d8 49 8b 04 c0
0x00007ffca1ba535b:   48 3b 70 10 73 05 8d 4b ff eb 05 76 09 8d 7b 01
0x00007ffca1ba536b:   3b cf 7d e1 8b df 8b 4d 08 3b 4d 0c 75 0e 8b d1
0x00007ffca1ba537b:   48 8d 4d 08 e8 1c 26 ee ff 8b 4d 08 8d 41 ff 4c
0x00007ffca1ba538b:   63 c3 48 63 d0 49 3b d0 7c 25 66 66 66 0f 1f 84
0x00007ffca1ba539b:   00 00 00 00 00 48 8b 45 10 48 8d 0c d0 48 ff ca
0x00007ffca1ba53ab:   48 8b 01 48 89 41 08 49 3b d0 7d e9 8b 4d 08 8d
0x00007ffca1ba53bb:   41 01 89 45 08 48 8b 45 10 4e 89 3c c0 49 8b c7
0x00007ffca1ba53cb:   4c 8b 7c 24 40 48 8b 5c 24 48 48 8b 6c 24 50 48
0x00007ffca1ba53db:   8b 74 24 58 48 83 c4 20 41 5e 41 5d 5f c3 cc cc
0x00007ffca1ba53eb:   cc cc cc cc cc 48 89 5c 24 10 48 89 74 24 18 48 


Stack slot to memory mapping:
stack at sp + 0 slots: 0x000001a6614a88e0 is a thread
stack at sp + 1 slots: 0x00007ffca1d43020 jvm.dll
stack at sp + 2 slots: 0x000001a65fa83d80 points into unknown readable memory: 0x00007ffca22fd538 | 38 d5 2f a2 fc 7f 00 00
stack at sp + 3 slots: 0x000001a6625fa5c0 points into unknown readable memory: 0x00007ffca22fd118 | 18 d1 2f a2 fc 7f 00 00
stack at sp + 4 slots: 0x0000000000000010 is an unknown value
stack at sp + 5 slots: 0x000001a663a9c470 points into unknown readable memory: 0x000001a66ec589b0 | b0 89 c5 6e a6 01 00 00
stack at sp + 6 slots: 0x0 is NULL
stack at sp + 7 slots: 0x00007ffca1ba2b00 jvm.dll


---------------  P R O C E S S  ---------------

Threads class SMR info:
_java_thread_list=0x000001a663f38230, length=30, elements={
0x000001a6497905d0, 0x000001a65d5a4770, 0x000001a65d5a54f0, 0x000001a65d5ca150,
0x000001a65d5caed0, 0x000001a65d5cdb60, 0x000001a65d5cf590, 0x000001a65d5d3250,
0x000001a65d5d3c00, 0x000001a65d61e9a0, 0x000001a65f0d90d0, 0x000001a65f1b2440,
0x000001a65f943fb0, 0x000001a65f99b7e0, 0x000001a65f99bcb0, 0x000001a65fbe7280,
0x000001a65fbe5f40, 0x000001a65fbe3d90, 0x000001a65fbe6410, 0x000001a65fbe6db0,
0x000001a65fbe55a0, 0x000001a65fbe7750, 0x000001a65fbe4260, 0x000001a65fbe4730,
0x000001a65fbe4c00, 0x000001a65fb05fb0, 0x000001a65fb077c0, 0x000001a65fb042d0,
0x000001a65fb05ae0, 0x000001a6614a88e0
}

Java Threads: ( => current thread )
  0x000001a6497905d0 JavaThread "main" [_thread_blocked, id=9756, stack(0x000000375b800000,0x000000375b900000)]
  0x000001a65d5a4770 JavaThread "Reference Handler" daemon [_thread_blocked, id=12832, stack(0x000000375bb00000,0x000000375bc00000)]
  0x000001a65d5a54f0 JavaThread "Finalizer" daemon [_thread_blocked, id=1080, stack(0x000000375bc00000,0x000000375bd00000)]
  0x000001a65d5ca150 JavaThread "Signal Dispatcher" daemon [_thread_blocked, id=1200, stack(0x000000375bd00000,0x000000375be00000)]
  0x000001a65d5caed0 JavaThread "Attach Listener" daemon [_thread_blocked, id=11496, stack(0x000000375be00000,0x000000375bf00000)]
  0x000001a65d5cdb60 JavaThread "Service Thread" daemon [_thread_blocked, id=9636, stack(0x000000375bf00000,0x000000375c000000)]
  0x000001a65d5cf590 JavaThread "Monitor Deflation Thread" daemon [_thread_blocked, id=10440, stack(0x000000375c000000,0x000000375c100000)]
  0x000001a65d5d3250 JavaThread "C2 CompilerThread0" daemon [_thread_in_native, id=11052, stack(0x000000375c100000,0x000000375c200000)]
  0x000001a65d5d3c00 JavaThread "C1 CompilerThread0" daemon [_thread_in_native, id=1684, stack(0x000000375c200000,0x000000375c300000)]
  0x000001a65d61e9a0 JavaThread "Sweeper thread" daemon [_thread_blocked, id=13656, stack(0x000000375c300000,0x000000375c400000)]
  0x000001a65f0d90d0 JavaThread "Common-Cleaner" daemon [_thread_blocked, id=8688, stack(0x000000375c400000,0x000000375c500000)]
  0x000001a65f1b2440 JavaThread "Notification Thread" daemon [_thread_blocked, id=9224, stack(0x000000375c500000,0x000000375c600000)]
  0x000001a65f943fb0 JavaThread "Active Thread: Equinox Container: bab714a7-9b1f-4e80-b4b4-0c10e94e2272" [_thread_blocked, id=2376, stack(0x000000375cb00000,0x000000375cc00000)]
  0x000001a65f99b7e0 JavaThread "Framework Event Dispatcher: Equinox Container: bab714a7-9b1f-4e80-b4b4-0c10e94e2272" daemon [_thread_blocked, id=9112, stack(0x000000375cf00000,0x000000375d000000)]
  0x000001a65f99bcb0 JavaThread "Start Level: Equinox Container: bab714a7-9b1f-4e80-b4b4-0c10e94e2272" daemon [_thread_blocked, id=6132, stack(0x000000375d000000,0x000000375d100000)]
  0x000001a65fbe7280 JavaThread "Refresh Thread: Equinox Container: bab714a7-9b1f-4e80-b4b4-0c10e94e2272" daemon [_thread_blocked, id=12792, stack(0x000000375d200000,0x000000375d300000)]
  0x000001a65fbe5f40 JavaThread "SCR Component Actor" daemon [_thread_blocked, id=2924, stack(0x000000375d100000,0x000000375d200000)]
  0x000001a65fbe3d90 JavaThread "Worker-JM" [_thread_blocked, id=6892, stack(0x000000375d500000,0x000000375d600000)]
  0x000001a65fbe6410 JavaThread "Worker-0" [_thread_blocked, id=5132, stack(0x000000375d600000,0x000000375d700000)]
  0x000001a65fbe6db0 JavaThread "Worker-1" [_thread_blocked, id=9000, stack(0x000000375d700000,0x000000375d800000)]
  0x000001a65fbe55a0 JavaThread "Java indexing" daemon [_thread_blocked, id=11904, stack(0x000000375d400000,0x000000375d500000)]
  0x000001a65fbe7750 JavaThread "Bundle File Closer" daemon [_thread_blocked, id=13676, stack(0x000000375d900000,0x000000375da00000)]
  0x000001a65fbe4260 JavaThread "pool-2-thread-1" [_thread_in_native, id=3648, stack(0x000000375db00000,0x000000375dc00000)]
  0x000001a65fbe4730 JavaThread "Worker-2" [_thread_blocked, id=4712, stack(0x000000375dc00000,0x000000375dd00000)]
  0x000001a65fbe4c00 JavaThread "Worker-3: Building" [_thread_in_Java, id=12260, stack(0x000000375de00000,0x000000375df00000)]
  0x000001a65fb05fb0 JavaThread "Worker-4" [_thread_blocked, id=10724, stack(0x000000375c700000,0x000000375c800000)]
  0x000001a65fb077c0 JavaThread "ForkJoinPool.commonPool-worker-1" daemon [_thread_blocked, id=4788, stack(0x000000375c800000,0x000000375c900000)]
  0x000001a65fb042d0 JavaThread "ForkJoinPool.commonPool-worker-2" daemon [_thread_blocked, id=1408, stack(0x000000375c900000,0x000000375ca00000)]
  0x000001a65fb05ae0 JavaThread "ForkJoinPool.commonPool-worker-3" daemon [_thread_blocked, id=8532, stack(0x000000375ca00000,0x000000375cb00000)]
=>0x000001a6614a88e0 JavaThread "C2 CompilerThread1" daemon [_thread_in_vm, id=6960, stack(0x000000375b500000,0x000000375b600000)]

Other Threads:
  0x000001a64986ec70 VMThread "VM Thread" [stack: 0x000000375ba00000,0x000000375bb00000] [id=2888]
  0x000001a65f1b2910 WatcherThread [stack: 0x000000375c600000,0x000000375c700000] [id=720]
  0x000001a6497a7460 GCTaskThread "GC Thread#0" [stack: 0x000000375b900000,0x000000375ba00000] [id=13772]
  0x000001a65f9712f0 GCTaskThread "GC Thread#1" [stack: 0x000000375cc00000,0x000000375cd00000] [id=12672]
  0x000001a65f647b90 GCTaskThread "GC Thread#2" [stack: 0x000000375cd00000,0x000000375ce00000] [id=1804]
  0x000001a65f907c20 GCTaskThread "GC Thread#3" [stack: 0x000000375ce00000,0x000000375cf00000] [id=6656]

Threads with active compile tasks:
C2 CompilerThread0    74637 9166 % !   4       java.util.jar.Attributes::read @ 214 (498 bytes)
C2 CompilerThread1    74637 9091   !   4       org.codehaus.plexus.interpolation.StringSearchInterpolator::interpolate (650 bytes)

VM state: not at safepoint (normal execution)

VM Mutex/Monitor currently owned by a thread: None

Heap address: 0x00000000c0000000, size: 1024 MB, Compressed Oops mode: 32-bit

CDS archive(s) not mapped
Compressed class space mapped at: 0x0000000100000000-0x0000000140000000, reserved size: 1073741824
Narrow klass base: 0x0000000000000000, Narrow klass shift: 3, Narrow klass range: 0x140000000

GC Precious Log:
 CPUs: 4 total, 4 available
 Memory: 16302M
 Large Page Support: Disabled
 NUMA Support: Disabled
 Compressed Oops: Enabled (32-bit)
 Alignments: Space 512K, Generation 512K, Heap 2M
 Heap Min Capacity: 100M
 Heap Initial Capacity: 100M
 Heap Max Capacity: 1G
 Pre-touch: Disabled
 Parallel Workers: 4

Heap:
 PSYoungGen      total 35328K, used 17186K [0x00000000eab00000, 0x00000000ef280000, 0x0000000100000000)
  eden space 34816K, 49% used [0x00000000eab00000,0x00000000ebbc88f0,0x00000000ecd00000)
  from space 512K, 0% used [0x00000000ed700000,0x00000000ed700000,0x00000000ed780000)
  to   space 16896K, 0% used [0x00000000ee200000,0x00000000ee200000,0x00000000ef280000)
 ParOldGen       total 293376K, used 215943K [0x00000000c0000000, 0x00000000d1e80000, 0x00000000eab00000)
  object space 293376K, 73% used [0x00000000c0000000,0x00000000cd2e1e40,0x00000000d1e80000)
 Metaspace       used 65841K, committed 66880K, reserved 1114112K
  class space    used 7040K, committed 7488K, reserved 1048576K

Card table byte_map: [0x000001a649150000,0x000001a649360000] _byte_map_base: 0x000001a648b50000

Marking Bits: (ParMarkBitMap*) 0x00007ffca2553af0
 Begin Bits: [0x000001a65b420000, 0x000001a65c420000)
 End Bits:   [0x000001a65c420000, 0x000001a65d420000)

Polling page: 0x000001a647920000

Metaspace:

Usage:
  Non-class:     57.42 MB used.
      Class:      6.88 MB used.
       Both:     64.30 MB used.

Virtual space:
  Non-class space:       64.00 MB reserved,      58.00 MB ( 91%) committed,  8 nodes.
      Class space:        1.00 GB reserved,       7.31 MB ( <1%) committed,  1 nodes.
             Both:        1.06 GB reserved,      65.31 MB (  6%) committed. 

Chunk freelists:
   Non-Class:  1.38 MB
       Class:  617.00 KB
        Both:  1.98 MB

MaxMetaspaceSize: unlimited
CompressedClassSpaceSize: 1.00 GB
Initial GC threshold: 21.00 MB
Current GC threshold: 108.88 MB
CDS: off
MetaspaceReclaimPolicy: balanced
 - commit_granule_bytes: 65536.
 - commit_granule_words: 8192.
 - virtual_space_node_default_size: 1048576.
 - enlarge_chunks_in_place: 1.
 - new_chunks_are_fully_committed: 0.
 - uncommit_free_chunks: 1.
 - use_allocation_guard: 0.
 - handle_deallocations: 1.


Internal statistics:

num_allocs_failed_limit: 6.
num_arena_births: 498.
num_arena_deaths: 4.
num_vsnodes_births: 9.
num_vsnodes_deaths: 0.
num_space_committed: 1047.
num_space_uncommitted: 2.
num_chunks_returned_to_freelist: 33.
num_chunks_taken_from_freelist: 2828.
num_chunk_merges: 12.
num_chunk_splits: 1871.
num_chunks_enlarged: 1266.
num_purges: 2.
num_inconsistent_stats: 0.

CodeHeap 'non-profiled nmethods': size=120000Kb used=5346Kb max_used=5346Kb free=114653Kb
 bounds [0x000001a653ef0000, 0x000001a654430000, 0x000001a65b420000]
CodeHeap 'profiled nmethods': size=120000Kb used=16532Kb max_used=16615Kb free=103467Kb
 bounds [0x000001a64c9c0000, 0x000001a64da10000, 0x000001a653ef0000]
CodeHeap 'non-nmethods': size=5760Kb used=1356Kb max_used=1415Kb free=4403Kb
 bounds [0x000001a64c420000, 0x000001a64c690000, 0x000001a64c9c0000]
 total_blobs=8350 nmethods=7651 adapters=613
 compilation: enabled
              stopped_count=0, restarted_count=0
 full_count=0

Compilation events (20 events):
Event: 74.508 Thread 0x000001a65d5d3c00 9105       3       org.codehaus.plexus.interpolation.ObjectBasedValueSource::<init> (11 bytes)
Event: 74.509 Thread 0x000001a65d5d3c00 nmethod 9105 0x000001a64d919090 code [0x000001a64d919260, 0x000001a64d919678]
Event: 74.509 Thread 0x000001a65d5d3c00 9106       1       org.codehaus.plexus.interpolation.StringSearchInterpolator::setCacheAnswers (6 bytes)
Event: 74.509 Thread 0x000001a65d5d3c00 nmethod 9106 0x000001a65441c910 code [0x000001a65441caa0, 0x000001a65441cb78]
Event: 74.513 Thread 0x000001a65d5d3250 nmethod 9075 0x000001a65441cc10 code [0x000001a65441ce40, 0x000001a65441dfa0]
Event: 74.513 Thread 0x000001a65d5d3250 9095       4       org.apache.maven.model.merge.ModelMerger::mergePlugin_Version (41 bytes)
Event: 74.517 Thread 0x000001a65d5d3c00 9108       3       org.codehaus.plexus.util.ReaderFactory::newXmlReader (9 bytes)
Event: 74.517 Thread 0x000001a65d5d3c00 nmethod 9108 0x000001a64d05f890 code [0x000001a64d05fa40, 0x000001a64d05fc88]
Event: 74.517 Thread 0x000001a65d5d3c00 9109       3       org.codehaus.plexus.util.xml.XmlStreamReader::<init> (6 bytes)
Event: 74.518 Thread 0x000001a65d5d3c00 nmethod 9109 0x000001a64d25f710 code [0x000001a64d25f8c0, 0x000001a64d25fa68]
Event: 74.518 Thread 0x000001a65d5d3c00 9110       3       org.codehaus.plexus.util.xml.XmlReader::getXMLGuessEncoding (188 bytes)
Event: 74.518 Thread 0x000001a65d5d3c00 nmethod 9110 0x000001a64cb31090 code [0x000001a64cb31340, 0x000001a64cb320b8]
Event: 74.524 Thread 0x000001a65d5d3250 nmethod 9095 0x000001a65441ed10 code [0x000001a65441eee0, 0x000001a65441f2b0]
Event: 74.524 Thread 0x000001a65d5d3250 9096       4       org.apache.maven.model.merge.ModelMerger::mergePlugin_Extensions (43 bytes)
Event: 74.525 Thread 0x000001a65d5d3250 nmethod 9096 0x000001a65441f590 code [0x000001a65441f700, 0x000001a65441f7b8]
Event: 74.525 Thread 0x000001a65d5d3250 9097       4       org.apache.maven.model.merge.ModelMerger::mergePlugin_Dependencies (26 bytes)
Event: 74.527 Thread 0x000001a65d5d3c00 9111       3       org.apache.maven.model.merge.ModelMerger::mergeOrganization (19 bytes)
Event: 74.527 Thread 0x000001a65d5d3c00 nmethod 9111 0x000001a64d5e1410 code [0x000001a64d5e15c0, 0x000001a64d5e1878]
Event: 74.529 Thread 0x000001a65d5d3c00 9112       3       org.apache.maven.model.interpolation.StringVisitorModelInterpolator$ModelVisitor::visit (84 bytes)
Event: 74.531 Thread 0x000001a65d5d3c00 nmethod 9112 0x000001a64d4b8b90 code [0x000001a64d4b8e00, 0x000001a64d4b9ba8]

GC Heap History (20 events):
Event: 30.266 GC heap before
{Heap before GC invocations=166 (full 11):
 PSYoungGen      total 29696K, used 29587K [0x00000000eab00000, 0x00000000ed000000, 0x0000000100000000)
  eden space 23552K, 100% used [0x00000000eab00000,0x00000000ec200000,0x00000000ec200000)
  from space 6144K, 98% used [0x00000000eca00000,0x00000000ecfe4f30,0x00000000ed000000)
  to   space 7168K, 0% used [0x00000000ec200000,0x00000000ec200000,0x00000000ec900000)
 ParOldGen       total 326656K, used 302648K [0x00000000c0000000, 0x00000000d3f00000, 0x00000000eab00000)
  object space 326656K, 92% used [0x00000000c0000000,0x00000000d278e198,0x00000000d3f00000)
 Metaspace       used 65541K, committed 66496K, reserved 1114112K
  class space    used 7057K, committed 7488K, reserved 1048576K
}
Event: 30.274 GC heap after
{Heap after GC invocations=166 (full 11):
 PSYoungGen      total 30720K, used 7163K [0x00000000eab00000, 0x00000000ee000000, 0x0000000100000000)
  eden space 23552K, 0% used [0x00000000eab00000,0x00000000eab00000,0x00000000ec200000)
  from space 7168K, 99% used [0x00000000ec200000,0x00000000ec8fee10,0x00000000ec900000)
  to   space 14336K, 0% used [0x00000000ed200000,0x00000000ed200000,0x00000000ee000000)
 ParOldGen       total 326656K, used 308473K [0x00000000c0000000, 0x00000000d3f00000, 0x00000000eab00000)
  object space 326656K, 94% used [0x00000000c0000000,0x00000000d2d3e4a0,0x00000000d3f00000)
 Metaspace       used 65541K, committed 66496K, reserved 1114112K
  class space    used 7057K, committed 7488K, reserved 1048576K
}
Event: 30.315 GC heap before
{Heap before GC invocations=167 (full 11):
 PSYoungGen      total 30720K, used 30715K [0x00000000eab00000, 0x00000000ee000000, 0x0000000100000000)
  eden space 23552K, 100% used [0x00000000eab00000,0x00000000ec200000,0x00000000ec200000)
  from space 7168K, 99% used [0x00000000ec200000,0x00000000ec8fee10,0x00000000ec900000)
  to   space 14336K, 0% used [0x00000000ed200000,0x00000000ed200000,0x00000000ee000000)
 ParOldGen       total 326656K, used 308473K [0x00000000c0000000, 0x00000000d3f00000, 0x00000000eab00000)
  object space 326656K, 94% used [0x00000000c0000000,0x00000000d2d3e4a0,0x00000000d3f00000)
 Metaspace       used 65541K, committed 66496K, reserved 1114112K
  class space    used 7057K, committed 7488K, reserved 1048576K
}
Event: 30.323 GC heap after
{Heap after GC invocations=167 (full 11):
 PSYoungGen      total 34816K, used 9008K [0x00000000eab00000, 0x00000000edb00000, 0x0000000100000000)
  eden space 25600K, 0% used [0x00000000eab00000,0x00000000eab00000,0x00000000ec400000)
  from space 9216K, 97% used [0x00000000ed200000,0x00000000edacc380,0x00000000edb00000)
  to   space 10752K, 0% used [0x00000000ec600000,0x00000000ec600000,0x00000000ed080000)
 ParOldGen       total 326656K, used 315573K [0x00000000c0000000, 0x00000000d3f00000, 0x00000000eab00000)
  object space 326656K, 96% used [0x00000000c0000000,0x00000000d342d508,0x00000000d3f00000)
 Metaspace       used 65541K, committed 66496K, reserved 1114112K
  class space    used 7057K, committed 7488K, reserved 1048576K
}
Event: 30.375 GC heap before
{Heap before GC invocations=168 (full 11):
 PSYoungGen      total 34816K, used 34608K [0x00000000eab00000, 0x00000000edb00000, 0x0000000100000000)
  eden space 25600K, 100% used [0x00000000eab00000,0x00000000ec400000,0x00000000ec400000)
  from space 9216K, 97% used [0x00000000ed200000,0x00000000edacc380,0x00000000edb00000)
  to   space 10752K, 0% used [0x00000000ec600000,0x00000000ec600000,0x00000000ed080000)
 ParOldGen       total 326656K, used 315573K [0x00000000c0000000, 0x00000000d3f00000, 0x00000000eab00000)
  object space 326656K, 96% used [0x00000000c0000000,0x00000000d342d508,0x00000000d3f00000)
 Metaspace       used 65541K, committed 66496K, reserved 1114112K
  class space    used 7057K, committed 7488K, reserved 1048576K
}
Event: 30.381 GC heap after
{Heap after GC invocations=168 (full 11):
 PSYoungGen      total 38400K, used 10744K [0x00000000eab00000, 0x00000000eef00000, 0x0000000100000000)
  eden space 27648K, 0% used [0x00000000eab00000,0x00000000eab00000,0x00000000ec600000)
  from space 10752K, 99% used [0x00000000ec600000,0x00000000ed07e358,0x00000000ed080000)
  to   space 20992K, 0% used [0x00000000eda80000,0x00000000eda80000,0x00000000eef00000)
 ParOldGen       total 326656K, used 323693K [0x00000000c0000000, 0x00000000d3f00000, 0x00000000eab00000)
  object space 326656K, 99% used [0x00000000c0000000,0x00000000d3c1b628,0x00000000d3f00000)
 Metaspace       used 65541K, committed 66496K, reserved 1114112K
  class space    used 7057K, committed 7488K, reserved 1048576K
}
Event: 30.381 GC heap before
{Heap before GC invocations=169 (full 12):
 PSYoungGen      total 38400K, used 10744K [0x00000000eab00000, 0x00000000eef00000, 0x0000000100000000)
  eden space 27648K, 0% used [0x00000000eab00000,0x00000000eab00000,0x00000000ec600000)
  from space 10752K, 99% used [0x00000000ec600000,0x00000000ed07e358,0x00000000ed080000)
  to   space 20992K, 0% used [0x00000000eda80000,0x00000000eda80000,0x00000000eef00000)
 ParOldGen       total 326656K, used 323693K [0x00000000c0000000, 0x00000000d3f00000, 0x00000000eab00000)
  object space 326656K, 99% used [0x00000000c0000000,0x00000000d3c1b628,0x00000000d3f00000)
 Metaspace       used 65541K, committed 66496K, reserved 1114112K
  class space    used 7057K, committed 7488K, reserved 1048576K
}
Event: 30.603 GC heap after
{Heap after GC invocations=169 (full 12):
 PSYoungGen      total 38400K, used 6552K [0x00000000eab00000, 0x00000000ef100000, 0x0000000100000000)
  eden space 27648K, 0% used [0x00000000eab00000,0x00000000eab00000,0x00000000ec600000)
  from space 10752K, 60% used [0x00000000ec600000,0x00000000ecc66190,0x00000000ed080000)
  to   space 20992K, 0% used [0x00000000edc80000,0x00000000edc80000,0x00000000ef100000)
 ParOldGen       total 389120K, used 326478K [0x00000000c0000000, 0x00000000d7c00000, 0x00000000eab00000)
  object space 389120K, 83% used [0x00000000c0000000,0x00000000d3ed3a88,0x00000000d7c00000)
 Metaspace       used 65541K, committed 66496K, reserved 1114112K
  class space    used 7057K, committed 7488K, reserved 1048576K
}
Event: 31.022 GC heap before
{Heap before GC invocations=170 (full 12):
 PSYoungGen      total 38400K, used 34200K [0x00000000eab00000, 0x00000000ef100000, 0x0000000100000000)
  eden space 27648K, 100% used [0x00000000eab00000,0x00000000ec600000,0x00000000ec600000)
  from space 10752K, 60% used [0x00000000ec600000,0x00000000ecc66190,0x00000000ed080000)
  to   space 20992K, 0% used [0x00000000edc80000,0x00000000edc80000,0x00000000ef100000)
 ParOldGen       total 389120K, used 326478K [0x00000000c0000000, 0x00000000d7c00000, 0x00000000eab00000)
  object space 389120K, 83% used [0x00000000c0000000,0x00000000d3ed3a88,0x00000000d7c00000)
 Metaspace       used 65558K, committed 66496K, reserved 1114112K
  class space    used 7058K, committed 7488K, reserved 1048576K
}
Event: 31.061 GC heap after
{Heap after GC invocations=170 (full 12):
 PSYoungGen      total 41984K, used 11934K [0x00000000eab00000, 0x00000000ee880000, 0x0000000100000000)
  eden space 29696K, 0% used [0x00000000eab00000,0x00000000eab00000,0x00000000ec800000)
  from space 12288K, 97% used [0x00000000edc80000,0x00000000ee8279d8,0x00000000ee880000)
  to   space 14848K, 0% used [0x00000000ecb80000,0x00000000ecb80000,0x00000000eda00000)
 ParOldGen       total 389120K, used 333070K [0x00000000c0000000, 0x00000000d7c00000, 0x00000000eab00000)
  object space 389120K, 85% used [0x00000000c0000000,0x00000000d4543b50,0x00000000d7c00000)
 Metaspace       used 65558K, committed 66496K, reserved 1114112K
  class space    used 7058K, committed 7488K, reserved 1048576K
}
Event: 31.971 GC heap before
{Heap before GC invocations=171 (full 12):
 PSYoungGen      total 41984K, used 40857K [0x00000000eab00000, 0x00000000ee880000, 0x0000000100000000)
  eden space 29696K, 97% used [0x00000000eab00000,0x00000000ec73eb58,0x00000000ec800000)
  from space 12288K, 97% used [0x00000000edc80000,0x00000000ee8279d8,0x00000000ee880000)
  to   space 14848K, 0% used [0x00000000ecb80000,0x00000000ecb80000,0x00000000eda00000)
 ParOldGen       total 389120K, used 333070K [0x00000000c0000000, 0x00000000d7c00000, 0x00000000eab00000)
  object space 389120K, 85% used [0x00000000c0000000,0x00000000d4543b50,0x00000000d7c00000)
 Metaspace       used 65631K, committed 66560K, reserved 1114112K
  class space    used 7060K, committed 7488K, reserved 1048576K
}
Event: 32.002 GC heap after
{Heap after GC invocations=171 (full 12):
 PSYoungGen      total 46592K, used 14823K [0x00000000eab00000, 0x00000000f0c00000, 0x0000000100000000)
  eden space 31744K, 0% used [0x00000000eab00000,0x00000000eab00000,0x00000000eca00000)
  from space 14848K, 99% used [0x00000000ecb80000,0x00000000ed9f9cb0,0x00000000eda00000)
  to   space 33792K, 0% used [0x00000000eeb00000,0x00000000eeb00000,0x00000000f0c00000)
 ParOldGen       total 389120K, used 348426K [0x00000000c0000000, 0x00000000d7c00000, 0x00000000eab00000)
  object space 389120K, 89% used [0x00000000c0000000,0x00000000d5442898,0x00000000d7c00000)
 Metaspace       used 65631K, committed 66560K, reserved 1114112K
  class space    used 7060K, committed 7488K, reserved 1048576K
}
Event: 32.971 GC heap before
{Heap before GC invocations=172 (full 12):
 PSYoungGen      total 46592K, used 46567K [0x00000000eab00000, 0x00000000f0c00000, 0x0000000100000000)
  eden space 31744K, 100% used [0x00000000eab00000,0x00000000eca00000,0x00000000eca00000)
  from space 14848K, 99% used [0x00000000ecb80000,0x00000000ed9f9cb0,0x00000000eda00000)
  to   space 33792K, 0% used [0x00000000eeb00000,0x00000000eeb00000,0x00000000f0c00000)
 ParOldGen       total 389120K, used 348426K [0x00000000c0000000, 0x00000000d7c00000, 0x00000000eab00000)
  object space 389120K, 89% used [0x00000000c0000000,0x00000000d5442898,0x00000000d7c00000)
 Metaspace       used 65656K, committed 66688K, reserved 1114112K
  class space    used 7060K, committed 7488K, reserved 1048576K
}
Event: 33.017 GC heap after
{Heap after GC invocations=172 (full 12):
 PSYoungGen      total 59392K, used 25146K [0x00000000eab00000, 0x00000000f0400000, 0x0000000100000000)
  eden space 33792K, 0% used [0x00000000eab00000,0x00000000eab00000,0x00000000ecc00000)
  from space 25600K, 98% used [0x00000000eeb00000,0x00000000f038ea78,0x00000000f0400000)
  to   space 27136K, 0% used [0x00000000ecf00000,0x00000000ecf00000,0x00000000ee980000)
 ParOldGen       total 389120K, used 355804K [0x00000000c0000000, 0x00000000d7c00000, 0x00000000eab00000)
  object space 389120K, 91% used [0x00000000c0000000,0x00000000d5b77188,0x00000000d7c00000)
 Metaspace       used 65656K, committed 66688K, reserved 1114112K
  class space    used 7060K, committed 7488K, reserved 1048576K
}
Event: 34.165 GC heap before
{Heap before GC invocations=173 (full 12):
 PSYoungGen      total 59392K, used 58938K [0x00000000eab00000, 0x00000000f0400000, 0x0000000100000000)
  eden space 33792K, 100% used [0x00000000eab00000,0x00000000ecc00000,0x00000000ecc00000)
  from space 25600K, 98% used [0x00000000eeb00000,0x00000000f038ea78,0x00000000f0400000)
  to   space 27136K, 0% used [0x00000000ecf00000,0x00000000ecf00000,0x00000000ee980000)
 ParOldGen       total 389120K, used 355804K [0x00000000c0000000, 0x00000000d7c00000, 0x00000000eab00000)
  object space 389120K, 91% used [0x00000000c0000000,0x00000000d5b77188,0x00000000d7c00000)
 Metaspace       used 65702K, committed 66688K, reserved 1114112K
  class space    used 7065K, committed 7488K, reserved 1048576K
}
Event: 34.201 GC heap after
{Heap after GC invocations=173 (full 12):
 PSYoungGen      total 62976K, used 27109K [0x00000000eab00000, 0x00000000f1600000, 0x0000000100000000)
  eden space 35840K, 0% used [0x00000000eab00000,0x00000000eab00000,0x00000000ece00000)
  from space 27136K, 99% used [0x00000000ecf00000,0x00000000ee979480,0x00000000ee980000)
  to   space 36864K, 0% used [0x00000000ef200000,0x00000000ef200000,0x00000000f1600000)
 ParOldGen       total 389120K, used 363572K [0x00000000c0000000, 0x00000000d7c00000, 0x00000000eab00000)
  object space 389120K, 93% used [0x00000000c0000000,0x00000000d630d0e0,0x00000000d7c00000)
 Metaspace       used 65702K, committed 66688K, reserved 1114112K
  class space    used 7065K, committed 7488K, reserved 1048576K
}
Event: 74.113 GC heap before
{Heap before GC invocations=174 (full 12):
 PSYoungGen      total 62976K, used 62949K [0x00000000eab00000, 0x00000000f1600000, 0x0000000100000000)
  eden space 35840K, 100% used [0x00000000eab00000,0x00000000ece00000,0x00000000ece00000)
  from space 27136K, 99% used [0x00000000ecf00000,0x00000000ee979480,0x00000000ee980000)
  to   space 36864K, 0% used [0x00000000ef200000,0x00000000ef200000,0x00000000f1600000)
 ParOldGen       total 389120K, used 363572K [0x00000000c0000000, 0x00000000d7c00000, 0x00000000eab00000)
  object space 389120K, 93% used [0x00000000c0000000,0x00000000d630d0e0,0x00000000d7c00000)
 Metaspace       used 66025K, committed 67008K, reserved 1114112K
  class space    used 7083K, committed 7488K, reserved 1048576K
}
Event: 74.137 GC heap after
{Heap after GC invocations=174 (full 12):
 PSYoungGen      total 41472K, used 6048K [0x00000000eab00000, 0x00000000ef800000, 0x0000000100000000)
  eden space 35328K, 0% used [0x00000000eab00000,0x00000000eab00000,0x00000000ecd80000)
  from space 6144K, 98% used [0x00000000ef200000,0x00000000ef7e8018,0x00000000ef800000)
  to   space 16896K, 0% used [0x00000000ed700000,0x00000000ed700000,0x00000000ee780000)
 ParOldGen       total 389120K, used 385468K [0x00000000c0000000, 0x00000000d7c00000, 0x00000000eab00000)
  object space 389120K, 99% used [0x00000000c0000000,0x00000000d786f1a8,0x00000000d7c00000)
 Metaspace       used 66025K, committed 67008K, reserved 1114112K
  class space    used 7083K, committed 7488K, reserved 1048576K
}
Event: 74.137 GC heap before
{Heap before GC invocations=175 (full 13):
 PSYoungGen      total 41472K, used 6048K [0x00000000eab00000, 0x00000000ef800000, 0x0000000100000000)
  eden space 35328K, 0% used [0x00000000eab00000,0x00000000eab00000,0x00000000ecd80000)
  from space 6144K, 98% used [0x00000000ef200000,0x00000000ef7e8018,0x00000000ef800000)
  to   space 16896K, 0% used [0x00000000ed700000,0x00000000ed700000,0x00000000ee780000)
 ParOldGen       total 389120K, used 385468K [0x00000000c0000000, 0x00000000d7c00000, 0x00000000eab00000)
  object space 389120K, 99% used [0x00000000c0000000,0x00000000d786f1a8,0x00000000d7c00000)
 Metaspace       used 66025K, committed 67008K, reserved 1114112K
  class space    used 7083K, committed 7488K, reserved 1048576K
}
Event: 74.344 GC heap after
{Heap after GC invocations=175 (full 13):
 PSYoungGen      total 35328K, used 0K [0x00000000eab00000, 0x00000000ef280000, 0x0000000100000000)
  eden space 34816K, 0% used [0x00000000eab00000,0x00000000eab00000,0x00000000ecd00000)
  from space 512K, 0% used [0x00000000ed700000,0x00000000ed700000,0x00000000ed780000)
  to   space 16896K, 0% used [0x00000000ee200000,0x00000000ee200000,0x00000000ef280000)
 ParOldGen       total 293376K, used 215943K [0x00000000c0000000, 0x00000000d1e80000, 0x00000000eab00000)
  object space 293376K, 73% used [0x00000000c0000000,0x00000000cd2e1e40,0x00000000d1e80000)
 Metaspace       used 65580K, committed 66880K, reserved 1114112K
  class space    used 7035K, committed 7488K, reserved 1048576K
}

Deoptimization events (20 events):
Event: 34.447 Thread 0x000001a65fbe55a0 Uncommon trap: trap_request=0xffffff45 fr.pc=0x000001a6541e29b4 relative=0x0000000000000c54
Event: 34.447 Thread 0x000001a65fbe55a0 Uncommon trap: reason=unstable_if action=reinterpret pc=0x000001a6541e29b4 method=org.eclipse.jdt.internal.compiler.util.HashtableOfObject.get([C)Ljava/lang/Object; @ 49 c2
Event: 34.447 Thread 0x000001a65fbe55a0 DEOPT PACKING pc=0x000001a6541e29b4 sp=0x000000375d4febc0
Event: 34.448 Thread 0x000001a65fbe55a0 DEOPT UNPACKING pc=0x000001a64c4720a3 sp=0x000000375d4feaf0 mode 2
Event: 73.764 Thread 0x000001a65fbe4260 Uncommon trap: trap_request=0xffffffde fr.pc=0x000001a653f7e4c0 relative=0x00000000000001a0
Event: 73.764 Thread 0x000001a65fbe4260 Uncommon trap: reason=class_check action=maybe_recompile pc=0x000001a653f7e4c0 method=java.util.Collections.eq(Ljava/lang/Object;Ljava/lang/Object;)Z @ 18 c2
Event: 73.764 Thread 0x000001a65fbe4260 DEOPT PACKING pc=0x000001a653f7e4c0 sp=0x000000375dbfd080
Event: 73.764 Thread 0x000001a65fbe4260 DEOPT UNPACKING pc=0x000001a64c4720a3 sp=0x000000375dbfcfc0 mode 2
Event: 73.765 Thread 0x000001a65fbe4260 Uncommon trap: trap_request=0xffffffde fr.pc=0x000001a653f7e4c0 relative=0x00000000000001a0
Event: 73.765 Thread 0x000001a65fbe4260 Uncommon trap: reason=class_check action=maybe_recompile pc=0x000001a653f7e4c0 method=java.util.Collections.eq(Ljava/lang/Object;Ljava/lang/Object;)Z @ 18 c2
Event: 73.765 Thread 0x000001a65fbe4260 DEOPT PACKING pc=0x000001a653f7e4c0 sp=0x000000375dbfd1e0
Event: 73.765 Thread 0x000001a65fbe4260 DEOPT UNPACKING pc=0x000001a64c4720a3 sp=0x000000375dbfd120 mode 2
Event: 73.907 Thread 0x000001a65fbe4c00 Uncommon trap: trap_request=0xffffffde fr.pc=0x000001a653f67514 relative=0x0000000000000454
Event: 73.907 Thread 0x000001a65fbe4c00 Uncommon trap: reason=class_check action=maybe_recompile pc=0x000001a653f67514 method=java.util.HashMap.removeNode(ILjava/lang/Object;Ljava/lang/Object;ZZ)Ljava/util/HashMap$Node; @ 68 c2
Event: 73.908 Thread 0x000001a65fbe4c00 DEOPT PACKING pc=0x000001a653f67514 sp=0x000000375defe240
Event: 73.908 Thread 0x000001a65fbe4c00 DEOPT UNPACKING pc=0x000001a64c4720a3 sp=0x000000375defe1d8 mode 2
Event: 73.912 Thread 0x000001a65fbe4c00 Uncommon trap: trap_request=0xffffff45 fr.pc=0x000001a6542c7924 relative=0x00000000000006a4
Event: 73.912 Thread 0x000001a65fbe4c00 Uncommon trap: reason=unstable_if action=reinterpret pc=0x000001a6542c7924 method=org.apache.maven.model.ConfigurationContainer.setLocation(Ljava/lang/Object;Lorg/apache/maven/model/InputLocation;)V @ 96 c2
Event: 73.912 Thread 0x000001a65fbe4c00 DEOPT PACKING pc=0x000001a6542c7924 sp=0x000000375defd8f0
Event: 73.912 Thread 0x000001a65fbe4c00 DEOPT UNPACKING pc=0x000001a64c4720a3 sp=0x000000375defd8a0 mode 2

Classes unloaded (20 events):
Event: 74.213 Thread 0x000001a64986ec70 Unloading class 0x0000000100646f00 'org/codehaus/plexus/compiler/AbstractCompiler'
Event: 74.213 Thread 0x000001a64986ec70 Unloading class 0x0000000100646d08 'org/apache/maven/shared/utils/logging/MessageBuilder'
Event: 74.213 Thread 0x000001a64986ec70 Unloading class 0x0000000100646ad0 'org/codehaus/plexus/compiler/CompilerResult'
Event: 74.213 Thread 0x000001a64986ec70 Unloading class 0x0000000100646648 'org/codehaus/plexus/compiler/CompilerConfiguration'
Event: 74.213 Thread 0x000001a64986ec70 Unloading class 0x0000000100646450 'org/codehaus/plexus/compiler/util/scan/SourceInclusionScanner'
Event: 74.213 Thread 0x000001a64986ec70 Unloading class 0x0000000100646258 'org/codehaus/plexus/compiler/util/scan/mapping/SourceMapping'
Event: 74.213 Thread 0x000001a64986ec70 Unloading class 0x0000000100646000 'org/codehaus/plexus/compiler/util/scan/InclusionScanException'
Event: 74.213 Thread 0x000001a64986ec70 Unloading class 0x0000000100645d10 'org/apache/maven/plugin/compiler/CompilationFailureException'
Event: 74.213 Thread 0x000001a64986ec70 Unloading class 0x0000000100645ab8 'org/codehaus/plexus/compiler/CompilerNotImplementedException'
Event: 74.213 Thread 0x000001a64986ec70 Unloading class 0x0000000100645860 'org/codehaus/plexus/compiler/CompilerException'
Event: 74.213 Thread 0x000001a64986ec70 Unloading class 0x0000000100645600 'org/codehaus/plexus/compiler/manager/NoSuchCompilerException'
Event: 74.213 Thread 0x000001a64986ec70 Unloading class 0x0000000100645408 'org/codehaus/plexus/compiler/Compiler'
Event: 74.213 Thread 0x000001a64986ec70 Unloading class 0x0000000100645210 'org/codehaus/plexus/compiler/manager/CompilerManager'
Event: 74.213 Thread 0x000001a64986ec70 Unloading class 0x0000000100645000 'org/codehaus/plexus/languages/java/jpms/LocationManager'
Event: 74.213 Thread 0x000001a64986ec70 Unloading class 0x0000000100644df0 'org/sonatype/plexus/components/cipher/PlexusCipher'
Event: 74.213 Thread 0x000001a64986ec70 Unloading class 0x0000000100644bf8 'org/sonatype/plexus/components/sec/dispatcher/SecDispatcher'
Event: 74.213 Thread 0x000001a64986ec70 Unloading class 0x00000001006448d0 'org/apache/maven/plugin/compiler/TestCompilerMojo'
Event: 74.213 Thread 0x000001a64986ec70 Unloading class 0x0000000100644650 'org/apache/maven/plugin/compiler/HelpMojo'
Event: 74.213 Thread 0x000001a64986ec70 Unloading class 0x0000000100644328 'org/apache/maven/plugin/compiler/CompilerMojo'
Event: 74.213 Thread 0x000001a64986ec70 Unloading class 0x0000000100644000 'org/apache/maven/plugin/compiler/AbstractCompilerMojo'

Classes redefined (0 events):
No events

Internal exceptions (20 events):
Event: 23.199 Thread 0x000001a65fb05fb0 Exception <a 'sun/nio/fs/WindowsException'{0x00000000eb076a28}> (0x00000000eb076a28) 
thrown [e:\jenkins\tmp\workspace\build\src\src\hotspot\share\prims\jni.cpp, line 516]
Event: 23.201 Thread 0x000001a65fb05fb0 Exception <a 'sun/nio/fs/WindowsException'{0x00000000eb07cd38}> (0x00000000eb07cd38) 
thrown [e:\jenkins\tmp\workspace\build\src\src\hotspot\share\prims\jni.cpp, line 516]
Event: 23.275 Thread 0x000001a65fb05fb0 Exception <a 'sun/nio/fs/WindowsException'{0x00000000ead93b68}> (0x00000000ead93b68) 
thrown [e:\jenkins\tmp\workspace\build\src\src\hotspot\share\prims\jni.cpp, line 516]
Event: 23.281 Thread 0x000001a65fb05fb0 Exception <a 'java/io/FileNotFoundException'{0x00000000eadbb788}> (0x00000000eadbb788) 
thrown [e:\jenkins\tmp\workspace\build\src\src\hotspot\share\prims\jni.cpp, line 516]
Event: 23.297 Thread 0x000001a65fb05fb0 Exception <a 'java/lang/NoSuchMethodError'{0x00000000eaf66690}: 'java.lang.Object java.lang.invoke.DirectMethodHandle$Holder.invokeStatic(java.lang.Object, java.lang.Object, java.lang.Object, long)'> (0x00000000eaf66690) 
thrown [e:\jenkins\tmp\workspace\build\src\src\hotspot\share\interpreter\linkResolver.cpp, line 766]
Event: 23.298 Thread 0x000001a65fb05fb0 Exception <a 'java/lang/NoSuchMethodError'{0x00000000eaf6eaa8}: 'java.lang.Object java.lang.invoke.DirectMethodHandle$Holder.newInvokeSpecial(java.lang.Object, java.lang.Object, java.lang.Object, long)'> (0x00000000eaf6eaa8) 
thrown [e:\jenkins\tmp\workspace\build\src\src\hotspot\share\interpreter\linkResolver.cpp, line 766]
Event: 23.298 Thread 0x000001a65fb05fb0 Exception <a 'java/lang/NoSuchMethodError'{0x00000000eaf72bc0}: 'java.lang.Object java.lang.invoke.DirectMethodHandle$Holder.invokeSpecial(java.lang.Object, java.lang.Object, java.lang.Object, java.lang.Object, long)'> (0x00000000eaf72bc0) 
thrown [e:\jenkins\tmp\workspace\build\src\src\hotspot\share\interpreter\linkResolver.cpp, line 766]
Event: 23.299 Thread 0x000001a65fb05fb0 Exception <a 'java/lang/NoSuchMethodError'{0x00000000eaf769e8}: 'java.lang.Object java.lang.invoke.Invokers$Holder.linkToTargetMethod(java.lang.Object, java.lang.Object, long, java.lang.Object)'> (0x00000000eaf769e8) 
thrown [e:\jenkins\tmp\workspace\build\src\src\hotspot\share\interpreter\linkResolver.cpp, line 766]
Event: 23.303 Thread 0x000001a65fb05fb0 Implicit null exception at 0x000001a6541de4a7 to 0x000001a6541ded94
Event: 23.311 Thread 0x000001a65fb05fb0 Exception <a 'java/lang/NoSuchMethodError'{0x00000000eaf9e430}: 'java.lang.Object java.lang.invoke.DirectMethodHandle$Holder.newInvokeSpecial(java.lang.Object, java.lang.Object, int, java.lang.Object, java.lang.Object)'> (0x00000000eaf9e430) 
thrown [e:\jenkins\tmp\workspace\build\src\src\hotspot\share\interpreter\linkResolver.cpp, line 766]
Event: 23.313 Thread 0x000001a65fb05fb0 Exception <a 'java/lang/NoSuchMethodError'{0x00000000eafa28d8}: 'java.lang.Object java.lang.invoke.DirectMethodHandle$Holder.invokeSpecial(java.lang.Object, java.lang.Object, java.lang.Object, int, java.lang.Object, java.lang.Object)'> (0x00000000eafa28d8) 
thrown [e:\jenkins\tmp\workspace\build\src\src\hotspot\share\interpreter\linkResolver.cpp, line 766]
Event: 23.724 Thread 0x000001a65fb077c0 Implicit null exception at 0x000001a65431267c to 0x000001a65431273c
Event: 24.206 Thread 0x000001a65fbe4730 Exception <a 'java/lang/NoSuchMethodError'{0x00000000eb053430}: 'java.lang.Object java.lang.invoke.DirectMethodHandle$Holder.invokeStatic(java.lang.Object, java.lang.Object, int, java.lang.Object)'> (0x00000000eb053430) 
thrown [e:\jenkins\tmp\workspace\build\src\src\hotspot\share\interpreter\linkResolver.cpp, line 766]
Event: 24.208 Thread 0x000001a65fbe4730 Exception <a 'java/lang/NoSuchMethodError'{0x00000000eb05c250}: 'java.lang.Object java.lang.invoke.DirectMethodHandle$Holder.newInvokeSpecial(java.lang.Object, java.lang.Object, int)'> (0x00000000eb05c250) 
thrown [e:\jenkins\tmp\workspace\build\src\src\hotspot\share\interpreter\linkResolver.cpp, line 766]
Event: 31.428 Thread 0x000001a65f943fb0 Implicit null exception at 0x000001a653f681d8 to 0x000001a653f6868c
Event: 33.522 Thread 0x000001a65fbe55a0 Exception <a 'sun/nio/fs/WindowsException'{0x00000000eb00cb58}> (0x00000000eb00cb58) 
thrown [e:\jenkins\tmp\workspace\build\src\src\hotspot\share\prims\jni.cpp, line 516]
Event: 33.547 Thread 0x000001a65fbe55a0 Implicit null exception at 0x000001a6541dec39 to 0x000001a6541df1f8
Event: 33.691 Thread 0x000001a65fbe55a0 Exception <a 'sun/nio/fs/WindowsException'{0x00000000eb752ea8}> (0x00000000eb752ea8) 
thrown [e:\jenkins\tmp\workspace\build\src\src\hotspot\share\prims\jni.cpp, line 516]
Event: 34.104 Thread 0x000001a65fbe55a0 Exception <a 'sun/nio/fs/WindowsException'{0x00000000eb8f1658}> (0x00000000eb8f1658) 
thrown [e:\jenkins\tmp\workspace\build\src\src\hotspot\share\prims\jni.cpp, line 516]
Event: 34.458 Thread 0x000001a65fbe55a0 Exception <a 'sun/nio/fs/WindowsException'{0x00000000ebf3d2b0}> (0x00000000ebf3d2b0) 
thrown [e:\jenkins\tmp\workspace\build\src\src\hotspot\share\prims\jni.cpp, line 516]

VM Operations (20 events):
Event: 31.971 Executing VM operation: ParallelGCFailedAllocation
Event: 32.002 Executing VM operation: ParallelGCFailedAllocation done
Event: 32.971 Executing VM operation: ParallelGCFailedAllocation
Event: 33.017 Executing VM operation: ParallelGCFailedAllocation done
Event: 33.671 Executing VM operation: HandshakeAllThreads
Event: 33.671 Executing VM operation: HandshakeAllThreads done
Event: 33.671 Executing VM operation: HandshakeAllThreads
Event: 33.671 Executing VM operation: HandshakeAllThreads done
Event: 33.672 Executing VM operation: HandshakeAllThreads
Event: 33.672 Executing VM operation: HandshakeAllThreads done
Event: 34.165 Executing VM operation: ParallelGCFailedAllocation
Event: 34.201 Executing VM operation: ParallelGCFailedAllocation done
Event: 35.202 Executing VM operation: Cleanup
Event: 35.202 Executing VM operation: Cleanup done
Event: 73.745 Executing VM operation: HandshakeAllThreads
Event: 73.745 Executing VM operation: HandshakeAllThreads done
Event: 73.745 Executing VM operation: Cleanup
Event: 73.745 Executing VM operation: Cleanup done
Event: 74.112 Executing VM operation: ParallelGCFailedAllocation
Event: 74.345 Executing VM operation: ParallelGCFailedAllocation done

Events (20 events):
Event: 25.197 Thread 0x000001a6614a6060 Thread exited: 0x000001a6614a6060
Event: 26.370 Thread 0x000001a65fb04c70 Thread exited: 0x000001a65fb04c70
Event: 30.178 Thread 0x000001a6614a74a0 Thread added: 0x000001a6614a74a0
Event: 30.645 Thread 0x000001a6614a74a0 Thread exited: 0x000001a6614a74a0
Event: 30.750 Thread 0x000001a6614a6060 Thread added: 0x000001a6614a6060
Event: 31.393 Thread 0x000001a6614a6060 Thread exited: 0x000001a6614a6060
Event: 31.447 Thread 0x000001a6614a6060 Thread added: 0x000001a6614a6060
Event: 31.660 Thread 0x000001a6614a6060 Thread exited: 0x000001a6614a6060
Event: 33.678 Thread 0x000001a65d61e9a0 flushing nmethod 0x000001a64ce3eb90
Event: 33.678 Thread 0x000001a65d61e9a0 flushing nmethod 0x000001a64ceb2110
Event: 33.686 Thread 0x000001a65d61e9a0 flushing nmethod 0x000001a64d932190
Event: 34.046 Thread 0x000001a6614a74a0 Thread added: 0x000001a6614a74a0
Event: 39.475 Thread 0x000001a6614a74a0 Thread exited: 0x000001a6614a74a0
Event: 73.742 loading class java/util/stream/DistinctOps
Event: 73.742 loading class java/util/stream/DistinctOps done
Event: 73.742 loading class java/util/stream/DistinctOps$1
Event: 73.743 loading class java/util/stream/DistinctOps$1 done
Event: 73.745 loading class java/util/stream/DistinctOps$1$2
Event: 73.746 loading class java/util/stream/DistinctOps$1$2 done
Event: 74.053 Thread 0x000001a6614a88e0 Thread added: 0x000001a6614a88e0


Dynamic libraries:
0x00007ff7ed380000 - 0x00007ff7ed38e000 	c:\Users\harsha\.vscode\extensions\redhat.java-1.6.0-win32-x64\jre\17.0.2-win32-x86_64\bin\java.exe
0x00007ffd01bf0000 - 0x00007ffd01de5000 	C:\WINDOWS\SYSTEM32\ntdll.dll
0x00007ffd017c0000 - 0x00007ffd0187d000 	C:\WINDOWS\System32\KERNEL32.DLL
0x00007ffcff460000 - 0x00007ffcff72d000 	C:\WINDOWS\System32\KERNELBASE.dll
0x00007ffcff990000 - 0x00007ffcffa90000 	C:\WINDOWS\System32\ucrtbase.dll
0x00007ffcf1640000 - 0x00007ffcf1659000 	c:\Users\harsha\.vscode\extensions\redhat.java-1.6.0-win32-x64\jre\17.0.2-win32-x86_64\bin\VCRUNTIME140.dll
0x00007ffcf1a20000 - 0x00007ffcf1a38000 	c:\Users\harsha\.vscode\extensions\redhat.java-1.6.0-win32-x64\jre\17.0.2-win32-x86_64\bin\jli.dll
0x00007ffd00e00000 - 0x00007ffd00fa0000 	C:\WINDOWS\System32\USER32.dll
0x00007ffcff810000 - 0x00007ffcff832000 	C:\WINDOWS\System32\win32u.dll
0x00007ffd01b80000 - 0x00007ffd01baa000 	C:\WINDOWS\System32\GDI32.dll
0x00007ffcffa90000 - 0x00007ffcffb9b000 	C:\WINDOWS\System32\gdi32full.dll
0x00007ffcff8f0000 - 0x00007ffcff98d000 	C:\WINDOWS\System32\msvcp_win.dll
0x00007ffcf46c0000 - 0x00007ffcf495a000 	C:\WINDOWS\WinSxS\amd64_microsoft.windows.common-controls_6595b64144ccf1df_6.0.19041.1110_none_60b5254171f9507e\COMCTL32.dll
0x00007ffd01670000 - 0x00007ffd0170e000 	C:\WINDOWS\System32\msvcrt.dll
0x00007ffd01880000 - 0x00007ffd018b0000 	C:\WINDOWS\System32\IMM32.DLL
0x00007ffcfc360000 - 0x00007ffcfc36c000 	c:\Users\harsha\.vscode\extensions\redhat.java-1.6.0-win32-x64\jre\17.0.2-win32-x86_64\bin\vcruntime140_1.dll
0x00007ffcd7230000 - 0x00007ffcd72c1000 	c:\Users\harsha\.vscode\extensions\redhat.java-1.6.0-win32-x64\jre\17.0.2-win32-x86_64\bin\msvcp140.dll
0x00007ffca19d0000 - 0x00007ffca2617000 	c:\Users\harsha\.vscode\extensions\redhat.java-1.6.0-win32-x64\jre\17.0.2-win32-x86_64\bin\server\jvm.dll
0x00007ffcffc40000 - 0x00007ffcffcee000 	C:\WINDOWS\System32\ADVAPI32.dll
0x00007ffd00a20000 - 0x00007ffd00abc000 	C:\WINDOWS\System32\sechost.dll
0x00007ffd014c0000 - 0x00007ffd015e5000 	C:\WINDOWS\System32\RPCRT4.dll
0x00007ffcffe40000 - 0x00007ffcffe48000 	C:\WINDOWS\System32\PSAPI.DLL
0x00007ffced170000 - 0x00007ffced179000 	C:\WINDOWS\SYSTEM32\WSOCK32.dll
0x00007ffd01960000 - 0x00007ffd019cb000 	C:\WINDOWS\System32\WS2_32.dll
0x00007ffcf62c0000 - 0x00007ffcf62e7000 	C:\WINDOWS\SYSTEM32\WINMM.dll
0x00007ffcf4080000 - 0x00007ffcf408a000 	C:\WINDOWS\SYSTEM32\VERSION.dll
0x00007ffcfd1e0000 - 0x00007ffcfd1f2000 	C:\WINDOWS\SYSTEM32\kernel.appcore.dll
0x00007ffcf6940000 - 0x00007ffcf694a000 	c:\Users\harsha\.vscode\extensions\redhat.java-1.6.0-win32-x64\jre\17.0.2-win32-x86_64\bin\jimage.dll
0x00007ffcf4d30000 - 0x00007ffcf4f14000 	C:\WINDOWS\SYSTEM32\DBGHELP.DLL
0x00007ffcf4d00000 - 0x00007ffcf4d2c000 	C:\WINDOWS\SYSTEM32\dbgcore.DLL
0x00007ffcff780000 - 0x00007ffcff802000 	C:\WINDOWS\System32\bcryptPrimitives.dll
0x00007ffcd6d80000 - 0x00007ffcd6da5000 	c:\Users\harsha\.vscode\extensions\redhat.java-1.6.0-win32-x64\jre\17.0.2-win32-x86_64\bin\java.dll
0x00007ffcf09d0000 - 0x00007ffcf09e8000 	c:\Users\harsha\.vscode\extensions\redhat.java-1.6.0-win32-x64\jre\17.0.2-win32-x86_64\bin\zip.dll
0x00007ffcffe50000 - 0x00007ffd00594000 	C:\WINDOWS\System32\SHELL32.dll
0x00007ffcfd3e0000 - 0x00007ffcfdb74000 	C:\WINDOWS\SYSTEM32\windows.storage.dll
0x00007ffd00fb0000 - 0x00007ffd01304000 	C:\WINDOWS\System32\combase.dll
0x00007ffcfebb0000 - 0x00007ffcfebdc000 	C:\WINDOWS\SYSTEM32\Wldp.dll
0x00007ffd01710000 - 0x00007ffd017bd000 	C:\WINDOWS\System32\SHCORE.dll
0x00007ffcffcf0000 - 0x00007ffcffd45000 	C:\WINDOWS\System32\shlwapi.dll
0x00007ffcff240000 - 0x00007ffcff25f000 	C:\WINDOWS\SYSTEM32\profapi.dll
0x00007ffce5870000 - 0x00007ffce5889000 	C:\Users\harsha\.vscode\extensions\redhat.java-1.6.0-win32-x64\jre\17.0.2-win32-x86_64\bin\net.dll
0x00007ffcf9aa0000 - 0x00007ffcf9baa000 	C:\WINDOWS\SYSTEM32\WINHTTP.dll
0x00007ffcfe990000 - 0x00007ffcfe9fa000 	C:\WINDOWS\system32\mswsock.dll
0x00007ffce5160000 - 0x00007ffce5175000 	C:\Users\harsha\.vscode\extensions\redhat.java-1.6.0-win32-x64\jre\17.0.2-win32-x86_64\bin\nio.dll
0x00007ffcfef40000 - 0x00007ffcfef58000 	C:\WINDOWS\SYSTEM32\CRYPTSP.dll
0x00007ffcfe330000 - 0x00007ffcfe364000 	C:\WINDOWS\system32\rsaenh.dll
0x00007ffcffba0000 - 0x00007ffcffbc7000 	C:\WINDOWS\System32\bcrypt.dll
0x00007ffcff190000 - 0x00007ffcff1be000 	C:\WINDOWS\SYSTEM32\USERENV.dll
0x00007ffcfeb20000 - 0x00007ffcfeb2c000 	C:\WINDOWS\SYSTEM32\CRYPTBASE.dll
0x00007ffcfe6a0000 - 0x00007ffcfe6db000 	C:\WINDOWS\SYSTEM32\IPHLPAPI.DLL
0x00007ffcffd50000 - 0x00007ffcffd58000 	C:\WINDOWS\System32\NSI.dll
0x00007ffcf35a0000 - 0x00007ffcf35b7000 	C:\WINDOWS\SYSTEM32\dhcpcsvc6.DLL
0x00007ffcf3580000 - 0x00007ffcf359d000 	C:\WINDOWS\SYSTEM32\dhcpcsvc.DLL
0x00007ffcfe730000 - 0x00007ffcfe7fb000 	C:\WINDOWS\SYSTEM32\DNSAPI.dll
0x00007ffcd6d00000 - 0x00007ffcd6d3e000 	C:\Users\harsha\AppData\Roaming\Code\User\globalStorage\redhat.java\1.6.0\config_win\org.eclipse.equinox.launcher\org.eclipse.equinox.launcher.win32.win32.x86_64_1.2.400.v20211117-0650\eclipse_11602.dll
0x00007ffd01390000 - 0x00007ffd014ba000 	C:\WINDOWS\System32\ole32.dll
0x00007ffcf2cf0000 - 0x00007ffcf2d00000 	c:\Users\harsha\.vscode\extensions\redhat.java-1.6.0-win32-x64\jre\17.0.2-win32-x86_64\bin\verify.dll
0x00007ffcd6b10000 - 0x00007ffcd6b54000 	C:\Users\harsha\AppData\Local\Temp\jna--1224444045\jna13679282153644302811.dll
0x00007ffcf2a90000 - 0x00007ffcf2a9e000 	C:\Users\harsha\.vscode\extensions\redhat.java-1.6.0-win32-x64\jre\17.0.2-win32-x86_64\bin\sunmscapi.dll
0x00007ffcff300000 - 0x00007ffcff456000 	C:\WINDOWS\System32\CRYPT32.dll
0x00007ffcfec20000 - 0x00007ffcfec47000 	C:\WINDOWS\SYSTEM32\ncrypt.dll
0x00007ffcfebe0000 - 0x00007ffcfec1b000 	C:\WINDOWS\SYSTEM32\NTASN1.dll
0x00007ffcf3bb0000 - 0x00007ffcf3bba000 	C:\Windows\System32\rasadhlp.dll
0x00007ffcf9c20000 - 0x00007ffcf9ca0000 	C:\WINDOWS\System32\fwpuclnt.dll

dbghelp: loaded successfully - version: 4.0.5 - missing functions: none
symbol engine: initialized successfully - sym options: 0x614 - pdb path: .;c:\Users\harsha\.vscode\extensions\redhat.java-1.6.0-win32-x64\jre\17.0.2-win32-x86_64\bin;C:\WINDOWS\SYSTEM32;C:\WINDOWS\WinSxS\amd64_microsoft.windows.common-controls_6595b64144ccf1df_6.0.19041.1110_none_60b5254171f9507e;c:\Users\harsha\.vscode\extensions\redhat.java-1.6.0-win32-x64\jre\17.0.2-win32-x86_64\bin\server;C:\Users\harsha\AppData\Roaming\Code\User\globalStorage\redhat.java\1.6.0\config_win\org.eclipse.equinox.launcher\org.eclipse.equinox.launcher.win32.win32.x86_64_1.2.400.v20211117-0650;C:\Users\harsha\AppData\Local\Temp\jna--1224444045

VM Arguments:
jvm_args: --add-modules=ALL-SYSTEM --add-opens=java.base/java.util=ALL-UNNAMED --add-opens=java.base/java.lang=ALL-UNNAMED --add-opens=java.base/sun.nio.fs=ALL-UNNAMED -Declipse.application=org.eclipse.jdt.ls.core.id1 -Dosgi.bundles.defaultStartLevel=4 -Declipse.product=org.eclipse.jdt.ls.core.product -Djava.import.generatesMetadataFilesAtProjectRoot=false -Dfile.encoding=utf8 -DwatchParentProcess=false -XX:+UseParallelGC -XX:GCTimeRatio=4 -XX:AdaptiveSizePolicyWeight=90 -Dsun.zip.disableMemoryMapping=true -Xmx1G -Xms100m -XX:+HeapDumpOnOutOfMemoryError -XX:HeapDumpPath=c:\Users\harsha\AppData\Roaming\Code\User\workspaceStorage\b2f0b3008a1558905f3f15ec7ffdd20b\redhat.java 
java_command: c:\Users\harsha\.vscode\extensions\redhat.java-1.6.0-win32-x64\server\plugins\org.eclipse.equinox.launcher_1.6.400.v20210924-0641.jar -configuration c:\Users\harsha\AppData\Roaming\Code\User\globalStorage\redhat.java\1.6.0\config_win -data c:\Users\harsha\AppData\Roaming\Code\User\workspaceStorage\b2f0b3008a1558905f3f15ec7ffdd20b\redhat.java\jdt_ws
java_class_path (initial): c:\Users\harsha\.vscode\extensions\redhat.java-1.6.0-win32-x64\server\plugins\org.eclipse.equinox.launcher_1.6.400.v20210924-0641.jar
Launcher Type: SUN_STANDARD

[Global flags]
    uintx AdaptiveSizePolicyWeight                 = 90                                        {product} {command line}
     intx CICompilerCount                          = 3                                         {product} {ergonomic}
    uintx GCTimeRatio                              = 4                                         {product} {command line}
     bool HeapDumpOnOutOfMemoryError               = true                                   {manageable} {command line}
    ccstr HeapDumpPath                             = c:\Users\harsha\AppData\Roaming\Code\User\workspaceStorage\b2f0b3008a1558905f3f15ec7ffdd20b\redhat.java         {manageable} {command line}
   size_t InitialHeapSize                          = 104857600                                 {product} {command line}
   size_t MaxHeapSize                              = 1073741824                                {product} {command line}
   size_t MaxNewSize                               = 357564416                                 {product} {ergonomic}
   size_t MinHeapDeltaBytes                        = 524288                                    {product} {ergonomic}
   size_t MinHeapSize                              = 104857600                                 {product} {command line}
   size_t NewSize                                  = 34603008                                  {product} {ergonomic}
    uintx NonNMethodCodeHeapSize                   = 5832780                                {pd product} {ergonomic}
    uintx NonProfiledCodeHeapSize                  = 122912730                              {pd product} {ergonomic}
   size_t OldSize                                  = 70254592                                  {product} {ergonomic}
    uintx ProfiledCodeHeapSize                     = 122912730                              {pd product} {ergonomic}
    uintx ReservedCodeCacheSize                    = 251658240                              {pd product} {ergonomic}
     bool SegmentedCodeCache                       = true                                      {product} {ergonomic}
   size_t SoftMaxHeapSize                          = 1073741824                             {manageable} {ergonomic}
     bool UseCompressedClassPointers               = true                           {product lp64_product} {ergonomic}
     bool UseCompressedOops                        = true                           {product lp64_product} {ergonomic}
     bool UseLargePagesIndividualAllocation        = false                                  {pd product} {ergonomic}
     bool UseParallelGC                            = true                                      {product} {command line}

Logging:
Log output configuration:
 #0: stdout all=warning uptime,level,tags
 #1: stderr all=off uptime,level,tags

Environment Variables:
JAVA_HOME=C:\k8s-developer\openjdk11
PATH=C:\WINDOWS\system32;C:\WINDOWS;C:\WINDOWS\System32\Wbem;C:\WINDOWS\System32\WindowsPowerShell\v1.0\;C:\WINDOWS\System32\OpenSSH\;C:\k8s-developer\openjdk11\bin;C:\k8s-developer\maven\bin;C:\Program Files\TortoiseGit\bin;C:\ProgramData\chocolatey\bin;C:\Program Files\nodejs\;C:\Program Files\Git\cmd;C:\Program Files\Java\jdk-17.0.1\bin;;C:\Program Files\Docker\Docker\resources\bin;C:\ProgramData\DockerDesktop\version-bin;C:\Program Files\MySQL\MySQL Shell 8.0\bin\;C:\Users\harsha\AppData\Local\Microsoft\WindowsApps;C:\Users\harsha\AppData\Local\Programs\Microsoft VS Code\bin;C:\Program Files\heroku\bin;C:\Program Files\apache-zookeeper-3.6.3-bin\bin;
USERNAME=harsha
OS=Windows_NT
PROCESSOR_IDENTIFIER=Intel64 Family 6 Model 60 Stepping 3, GenuineIntel



---------------  S Y S T E M  ---------------

OS:
 Windows 10 , 64 bit Build 19041 (10.0.19041.1706)
OS uptime: 4 days 0:25 hours
Hyper-V role detected

CPU: total 4 (initial active 4) (2 cores per cpu, 2 threads per core) family 6 model 60 stepping 3 microcode 0x27, cx8, cmov, fxsr, ht, mmx, sse, sse2, sse3, ssse3, sse4.1, sse4.2, popcnt, lzcnt, tsc, tscinvbit, avx, avx2, aes, erms, clmul, bmi1, bmi2, fma, vzeroupper, clflush, hv

Memory: 4k page, system-wide physical 16302M (8724M free)
TotalPageFile size 18734M (AvailPageFile size 10537M)
current process WorkingSet (physical memory assigned to process): 675M, peak: 775M
current process commit charge ("private bytes"): 567M, peak: 712M

vm_info: OpenJDK 64-Bit Server VM (17.0.2+8) for windows-amd64 JRE (17.0.2+8), built on Jan 20 2022 04:52:34 by "" with MS VC++ 16.7 (VS2019)

END.
